Add component (AddParameter): Name = ""; Value = "C2383"; VariantName = "[No Variations]"
Add component (AddParameter): Name = "Value"; Value = "C1815"; VariantName = "[No Variations]"
Added Component: Designator=Q?(TRAN-LOWPOWER)
Add component. Clean all parameters for all variants
Add component (AddParameter): Name = ""; Value = "C2383"; VariantName = "[No Variations]"
Add component (AddParameter): Name = "Value"; Value = "C1815"; VariantName = "[No Variations]"
Add component (AddParameter): Name = ""; Value = "Relay ?V - 10A"; VariantName = "[No Variations]"
Added Component: Designator=RL?(RELAY5PIN-10A)
Add component. Clean all parameters for all variants
Add component (AddParameter): Name = ""; Value = "Relay ?V - 10A"; VariantName = "[No Variations]"
Added Net: Name=220V
Added Pin To Net: NetName=GND Pin=Q?-1
Added Net: Name=GND
Added Net: Name=GPI0
Added Pin To Net: NetName=IN220 Pin=RL?-1
Added Net: Name=IN220
Added Pin To Net: NetName=NetD?_1 Pin=Q?-2
Added Pin To Net: NetName=NetD?_1 Pin=RL?-4
Added Net: Name=NetD?_1
Added Pin To Net: NetName=NetD?_2 Pin=RL?-5
Added Net: Name=NetD?_2
Added Pin To Net: NetName=NetJP?_2 Pin=RL?-3
Added Net: Name=NetJP?_2
Added Pin To Net: NetName=NetQ?_3 Pin=Q?-3
Added Net: Name=NetQ?_3
Added Net: Name=VCC
Added Class: Name=Doamsch
Added Room: Name=Doamsch
