Add component (AddParameter): Name = "Supplier 1"; Value = "Digi-Key"; VariantName = "[No Variations]"
Add component (AddParameter): Name = "Supplier Part Number 1"; Value = "493-2306-1-ND"; VariantName = "[No Variations]"
Added Component: Designator=C1(UUD1H101MNL1GS)
Add component. Clean all parameters for all variants
Add component (AddParameter): Name = "Supplier 1"; Value = "Digi-Key"; VariantName = "[No Variations]"
Add component (AddParameter): Name = "Supplier Part Number 1"; Value = "493-2306-1-ND"; VariantName = "[No Variations]"
Add component (AddParameter): Name = "Supplier 1"; Value = "Digi-Key"; VariantName = "[No Variations]"
Add component (AddParameter): Name = "Supplier Part Number 1"; Value = "493-2306-1-ND"; VariantName = "[No Variations]"
Added Component: Designator=C2(UUD1H101MNL1GS)
Add component. Clean all parameters for all variants
Add component (AddParameter): Name = "Supplier 1"; Value = "Digi-Key"; VariantName = "[No Variations]"
Add component (AddParameter): Name = "Supplier Part Number 1"; Value = "493-2306-1-ND"; VariantName = "[No Variations]"
Add component (AddParameter): Name = "Supplier Part Number 2"; Value = "478-1175-1-ND"; VariantName = "[No Variations]"
Added Component: Designator=C3(C104 0603 SMD)
Add component. Clean all parameters for all variants
Add component (AddParameter): Name = "Supplier Part Number 2"; Value = "478-1175-1-ND"; VariantName = "[No Variations]"
Add component (AddParameter): Name = "Supplier 1"; Value = "Digi-Key"; VariantName = "[No Variations]"
Add component (AddParameter): Name = "Supplier Part Number 1"; Value = "B340LA-FDICT-ND"; VariantName = "[No Variations]"
Added Component: Designator=D1(SS34-SMA)
Add component. Clean all parameters for all variants
Add component (AddParameter): Name = "Supplier 1"; Value = "Digi-Key"; VariantName = "[No Variations]"
Add component (AddParameter): Name = "Supplier Part Number 1"; Value = "B340LA-FDICT-ND"; VariantName = "[No Variations]"
Added Component: Designator=KF1(KF126)
Add component. Clean all parameters for all variants
Added Component: Designator=KF2(KF126)
Add component. Clean all parameters for all variants
Add component (AddParameter): Name = "Supplier 1"; Value = "Digi-Key"; VariantName = "[No Variations]"
Add component (AddParameter): Name = "Supplier Part Number 1"; Value = "595-1460-1-ND"; VariantName = "[No Variations]"
Added Component: Designator=L1(RH127-471)
Add component. Clean all parameters for all variants
Add component (AddParameter): Name = "Supplier 1"; Value = "Digi-Key"; VariantName = "[No Variations]"
Add component (AddParameter): Name = "Supplier Part Number 1"; Value = "595-1460-1-ND"; VariantName = "[No Variations]"
Add component (AddParameter): Name = "Supplier 1"; Value = "Digi-Key"; VariantName = "[No Variations]"
Add component (AddParameter): Name = "Supplier Part Number 1"; Value = "LM2596S-ADJ/NOPB-ND"; VariantName = "[No Variations]"
Added Component: Designator=U?(TO263-5)
Add component. Clean all parameters for all variants
Add component (AddParameter): Name = "Supplier 1"; Value = "Digi-Key"; VariantName = "[No Variations]"
Add component (AddParameter): Name = "Supplier Part Number 1"; Value = "LM2596S-ADJ/NOPB-ND"; VariantName = "[No Variations]"
Added Component: Designator=VR1(RM065-203)
Add component. Clean all parameters for all variants
Added Pin To Net: NetName=GND Pin=C1-2
Added Pin To Net: NetName=GND Pin=C2-2
Added Pin To Net: NetName=GND Pin=D1-1
Added Pin To Net: NetName=GND Pin=KF1-1
Added Pin To Net: NetName=GND Pin=KF2-2
Added Pin To Net: NetName=GND Pin=U?-3
Added Pin To Net: NetName=GND Pin=U?-5
Added Net: Name=GND
Added Pin To Net: NetName=NetC1_1 Pin=C1-1
Added Pin To Net: NetName=NetC1_1 Pin=KF1-2
Added Pin To Net: NetName=NetC1_1 Pin=U?-1
Added Net: Name=NetC1_1
Added Pin To Net: NetName=NetC2_1 Pin=C2-1
Added Pin To Net: NetName=NetC2_1 Pin=KF2-1
Added Pin To Net: NetName=NetC2_1 Pin=L1-2
Added Pin To Net: NetName=NetC2_1 Pin=VR1-1
Added Net: Name=NetC2_1
Added Pin To Net: NetName=NetC3_2 Pin=U?-4
Added Net: Name=NetC3_2
Added Pin To Net: NetName=NetD1_2 Pin=D1-2
Added Pin To Net: NetName=NetD1_2 Pin=L1-1
Added Pin To Net: NetName=NetD1_2 Pin=U?-2
Added Net: Name=NetD1_2
Added Class: Name=LM2596
Added Room: Name=LM2596
