Change Component Designator: OldDesignator=C8 NewDesignator=C10
Change Component Designator: OldDesignator=C9 NewDesignator=C11
Change Component Designator: OldDesignator=C10 NewDesignator=C12
Change Component Designator: OldDesignator=C11 NewDesignator=C13
Change Component Designator: OldDesignator=Head2 NewDesignator=Head3
Change Component Designator: OldDesignator=Head3 NewDesignator=Head2
Change Component Designator: OldDesignator=R6 NewDesignator=R13
Change Component Designator: OldDesignator=R7 NewDesignator=R11
Change Component Designator: OldDesignator=U1 NewDesignator=U2
Change Component Designator: OldDesignator=U2 NewDesignator=U1
Change Component Designator: OldDesignator=U4 NewDesignator=U3
Added Component: Designator=C8(C104 0603 SMD)
Add component. Clean all parameters for all variants
Added Component: Designator=C9(C104 0603 SMD)
Add component. Clean all parameters for all variants
Added Component: Designator=L1(LED 0603 SMD)
Add component. Clean all parameters for all variants
Added Component: Designator=L2(LED 0603 SMD)
Add component. Clean all parameters for all variants
Added Component: Designator=L3(LED 0603 SMD)
Add component. Clean all parameters for all variants
Added Component: Designator=R6(SMD 0603 Res)
Add component. Clean all parameters for all variants
Added Component: Designator=R7(SMD 0603 Res)
Add component. Clean all parameters for all variants
Added Component: Designator=R8(SMD 0603 Res)
Add component. Clean all parameters for all variants
Added Component: Designator=R9(SMD 0603 Res)
Add component. Clean all parameters for all variants
Added Component: Designator=R10(SMD 0603 Res)
Add component. Clean all parameters for all variants
Added Component: Designator=R12(SMD 0603 Res)
Add component. Clean all parameters for all variants
Added Pin To Net: NetName=5V+B Pin=C8-1
Added Pin To Net: NetName=B- Pin=C8-2
Added Pin To Net: NetName=B- Pin=C9-2
Added Pin To Net: NetName=B- Pin=L1-2
Added Pin To Net: NetName=B+ Pin=R6-2
Added Pin To Net: NetName=5V+B Pin=R7-2
Added Pin To Net: NetName=3.3V Pin=R8-1
Added Pin To Net: NetName=3.3V Pin=R9-1
Added Pin To Net: NetName=B- Pin=U2-7
Added Pin To Net: NetName=B- Pin=U2-18
Added Pin To Net: NetName=B- Pin=U2-21
Added Pin To Net: NetName=B- Pin=U2-25
Added Pin To Net: NetName=B- Pin=U2-26
Change Net Name : Old Net Name=NetC10_1 New Net Name=NetC12_1
Change Net Name : Old Net Name=NetC11_1 New Net Name=NetC13_1
Added Pin To Net: NetName=D+ Pin=U2-15
Added Net: Name=D+
Added Pin To Net: NetName=D- Pin=U2-16
Added Net: Name=D-
Added Pin To Net: NetName=DRX Pin=L3-2
Added Pin To Net: NetName=DRX Pin=R12-2
Added Net: Name=DRX
Added Pin To Net: NetName=DTX Pin=L2-2
Added Pin To Net: NetName=DTX Pin=R10-2
Added Net: Name=DTX
Added Pin To Net: NetName=M_RXD Pin=R9-2
Added Pin To Net: NetName=M_RXD Pin=U2-5
Added Net: Name=M_RXD
Added Pin To Net: NetName=M_TXD Pin=R8-2
Added Pin To Net: NetName=M_TXD Pin=U2-1
Added Net: Name=M_TXD
Added Pin To Net: NetName=NetC9_1 Pin=C9-1
Added Pin To Net: NetName=NetC9_1 Pin=U2-17
Added Net: Name=NetC9_1
Added Pin To Net: NetName=NetL1_1 Pin=L1-1
Added Pin To Net: NetName=NetL1_1 Pin=R6-1
Added Net: Name=NetL1_1
Added Pin To Net: NetName=NetR7_1 Pin=R7-1
Added Pin To Net: NetName=NetR7_1 Pin=U2-20
Added Net: Name=NetR7_1
Added Pin To Net: NetName=NetR10_1 Pin=R10-1
Added Pin To Net: NetName=NetR10_1 Pin=U2-23
Added Net: Name=NetR10_1
Added Pin To Net: NetName=NetR12_1 Pin=R12-1
Added Pin To Net: NetName=NetR12_1 Pin=U2-22
Added Net: Name=NetR12_1
Added Pin To Net: NetName=VCC_IO Pin=U2-4
Added Net: Name=VCC_IO
Added Member To Class: ClassName=Schematic Member=Component C12 100pF
Added Member To Class: ClassName=Schematic Member=Component C13 100pF
Added Member To Class: ClassName=Schematic Member=Component L1 Red
Added Member To Class: ClassName=Schematic Member=Component L2 Red
Added Member To Class: ClassName=Schematic Member=Component L3 Red
Added Member To Class: ClassName=Schematic Member=Component R8 10K
Added Member To Class: ClassName=Schematic Member=Component R9 10K
Added Member To Class: ClassName=Schematic Member=Component R10 0.51K
Added Member To Class: ClassName=Schematic Member=Component R11 1K
Added Member To Class: ClassName=Schematic Member=Component R12 0.51K
Added Member To Class: ClassName=Schematic Member=Component R13 10K
Added Member To Class: ClassName=Schematic Member=Component U2 FT232RL
