Removed Pin From Net: NetName=D3 Pin=Header-1
Removed Pin From Net: NetName=D4 Pin=Header-2
Removed Pin From Net: NetName=D5 Pin=Header-3
Removed Pin From Net: NetName=D6 Pin=Header-4
Removed Pin From Net: NetName=D7 Pin=Header-5
Removed Pin From Net: NetName=D8 Pin=Header-6
Removed Pin From Net: NetName=D10 Pin=Header-7
Removed Member From Class: ClassName=Schematic Member=Header
Add component (AddParameter): Name = "Value"; Value = "JP7"; VariantName = "[No Variations]"
Added Component: Designator=JP?(JP7)
Add component. Clean all parameters for all variants
Add component (AddParameter): Name = "Value"; Value = "JP7"; VariantName = "[No Variations]"
Added Pin To Net: NetName=D3 Pin=JP?-1
Added Pin To Net: NetName=D4 Pin=JP?-2
Added Pin To Net: NetName=D5 Pin=JP?-3
Added Pin To Net: NetName=D6 Pin=JP?-4
Added Pin To Net: NetName=D7 Pin=JP?-5
Added Pin To Net: NetName=D8 Pin=JP?-6
Added Pin To Net: NetName=D10 Pin=JP?-7
Added Member To Class: ClassName=Schematic Member=Component JP? JP7 PIN
