Added Component: Designator=*(SOT23-6L)
Add component. Clean all parameters for all variants
Added Component: Designator=*(SOT23-6L)
Add component. Clean all parameters for all variants
Added Component: Designator=*(SOT23-6L)
Add component. Clean all parameters for all variants
Added Component: Designator=*(SOT23-6L)
Add component. Clean all parameters for all variants
Added Component: Designator=*(SOT23-6L)
Add component. Clean all parameters for all variants
Added Component: Designator=*(SOT23-6L)
Add component. Clean all parameters for all variants
Added Pin To Net: NetName=Net*_1 Pin=*-1
Added Pin To Net: NetName=Net*_1 Pin=*-1
Added Net: Name=Net*_1
Added Pin To Net: NetName=Net*_2 Pin=*-2
Added Pin To Net: NetName=Net*_2 Pin=*-2
Added Net: Name=Net*_2
Added Pin To Net: NetName=Net*_3 Pin=*-3
Added Pin To Net: NetName=Net*_3 Pin=*-3
Added Net: Name=Net*_3
Added Pin To Net: NetName=Net*_4 Pin=*-4
Added Pin To Net: NetName=Net*_4 Pin=*-4
Added Net: Name=Net*_4
Added Pin To Net: NetName=Net*_5 Pin=*-5
Added Pin To Net: NetName=Net*_5 Pin=*-5
Added Net: Name=Net*_5
Added Pin To Net: NetName=Net*_6 Pin=*-6
Added Pin To Net: NetName=Net*_6 Pin=*-6
Added Net: Name=Net*_6
Added Net: Name=Net*_7
Added Member To Class: ClassName=Schematic Member=Component * FS8205
Added Member To Class: ClassName=Schematic Member=Component * FS8205
Added Member To Class: ClassName=Schematic Member=Component * FS8205
Added Member To Class: ClassName=Schematic Member=Component * FS8205
Added Member To Class: ClassName=Schematic Member=Component * FS8205
Added Member To Class: ClassName=Schematic Member=Component * FS8205
