Removed Member From Class: ClassName=Schematic Member=DIO1
Change Component Designator: OldDesignator=DIO2 NewDesignator=D2
Added Pin To Net: NetName=GND Pin=C1-1
Added Pin To Net: NetName=GND Pin=C2-1
Added Pin To Net: NetName=GND Pin=Q1-1
Added Net: Name=GND
Added Pin To Net: NetName=IN1 Pin=C1-2
Added Pin To Net: NetName=IN1 Pin=LED2-2
Added Net: Name=IN1
Added Pin To Net: NetName=IN2 Pin=C1-3
Added Pin To Net: NetName=IN2 Pin=LED1-2
Added Net: Name=IN2
Added Pin To Net: NetName=JD-VCC Pin=C2-3
Added Pin To Net: NetName=JD-VCC Pin=D2-2
Added Pin To Net: NetName=JD-VCC Pin=RL1-5
Added Pin To Net: NetName=JD-VCC Pin=U1-4
Added Net: Name=JD-VCC
Added Pin To Net: NetName=NetD2_1 Pin=D2-1
Added Pin To Net: NetName=NetD2_1 Pin=Q1-3
Added Pin To Net: NetName=NetD2_1 Pin=RL1-4
Added Net: Name=NetD2_1
Added Pin To Net: NetName=NetLED1_1 Pin=LED1-1
Added Pin To Net: NetName=NetLED1_1 Pin=U1-2
Added Net: Name=NetLED1_1
Added Pin To Net: NetName=NetLED2_1 Pin=LED2-1
Added Pin To Net: NetName=NetLED2_1 Pin=U2-2
Added Net: Name=NetLED2_1
Added Pin To Net: NetName=NetQ1_2 Pin=Q1-2
Added Pin To Net: NetName=NetQ1_2 Pin=R4-1
Added Net: Name=NetQ1_2
Added Pin To Net: NetName=NetR1_1 Pin=R1-1
Added Pin To Net: NetName=NetR1_1 Pin=U1-1
Added Net: Name=NetR1_1
Added Pin To Net: NetName=NetR3_1 Pin=R3-1
Added Pin To Net: NetName=NetR3_1 Pin=U2-1
Added Net: Name=NetR3_1
Added Pin To Net: NetName=NetR4_2 Pin=R4-2
Added Pin To Net: NetName=NetR4_2 Pin=U1-3
Added Net: Name=NetR4_2
Added Pin To Net: NetName=VCC Pin=C1-4
Added Pin To Net: NetName=VCC Pin=C2-2
Added Pin To Net: NetName=VCC Pin=R1-2
Added Pin To Net: NetName=VCC Pin=R3-2
Added Net: Name=VCC
