Add component (AddParameter): Name = "Code - JEDEC"; Value = "DO-214-AB"; VariantName = "[No Variations]"
Add component (AddParameter): Name = "Published"; Value = "8-Jun-2000"; VariantName = "[No Variations]"
Add component (AddParameter): Name = "Publisher"; Value = "Altium Limited"; VariantName = "[No Variations]"
Add component (AddParameter): Name = "Revision"; Value = "July-2002: Re-released for DXP Platform."; VariantName = "[No Variations]"
Add component (AddParameter): Name = "Value"; Value = "1N5007"; VariantName = "[No Variations]"
Added Component: Designator=D1(DIO-SMD-106)
Add component. Clean all parameters for all variants
Add component (AddParameter): Name = "Code - JEDEC"; Value = "DO-214-AB"; VariantName = "[No Variations]"
Add component (AddParameter): Name = "Published"; Value = "8-Jun-2000"; VariantName = "[No Variations]"
Add component (AddParameter): Name = "Publisher"; Value = "Altium Limited"; VariantName = "[No Variations]"
Add component (AddParameter): Name = "Revision"; Value = "July-2002: Re-released for DXP Platform."; VariantName = "[No Variations]"
Add component (AddParameter): Name = "Value"; Value = "1N5007"; VariantName = "[No Variations]"
Added Pin To Net: NetName=GND Pin=Q2-1
Added Pin To Net: NetName=COM1 Pin=J1-2
Added Pin To Net: NetName=COM1 Pin=RL1-1
Added Net: Name=COM1
Added Pin To Net: NetName=COM2 Pin=J2-2
Added Pin To Net: NetName=COM2 Pin=RL2-1
Added Net: Name=COM2
Added Pin To Net: NetName=NC1 Pin=J1-3
Added Pin To Net: NetName=NC1 Pin=RL1-2
Added Net: Name=NC1
Added Pin To Net: NetName=NC2 Pin=J2-3
Added Pin To Net: NetName=NC2 Pin=RL2-2
Added Net: Name=NC2
Added Pin To Net: NetName=NetD1_1 Pin=D1-1
Added Pin To Net: NetName=NetD1_1 Pin=Q2-3
Added Pin To Net: NetName=NetD1_1 Pin=RL2-4
Added Net: Name=NetD1_1
Added Pin To Net: NetName=NetD1_2 Pin=D1-2
Added Pin To Net: NetName=NetD1_2 Pin=RL2-5
Added Pin To Net: NetName=NetD1_2 Pin=U2-4
Added Net: Name=NetD1_2
Added Pin To Net: NetName=NetQ2_2 Pin=Q2-2
Added Pin To Net: NetName=NetQ2_2 Pin=R2-1
Added Net: Name=NetQ2_2
Added Pin To Net: NetName=NetR2_2 Pin=R2-2
Added Pin To Net: NetName=NetR2_2 Pin=U2-3
Added Net: Name=NetR2_2
Added Pin To Net: NetName=NO1 Pin=J1-1
Added Pin To Net: NetName=NO1 Pin=RL1-3
Added Net: Name=NO1
Added Pin To Net: NetName=NO2 Pin=J2-1
Added Pin To Net: NetName=NO2 Pin=RL2-3
Added Net: Name=NO2
Added Member To Class: ClassName=Schematic Member=Component D1 Diode SMD
