Removed Pin From Net: NetName=A0 Pin=Analog1-1
Removed Pin From Net: NetName=A1 Pin=Analog1-2
Removed Pin From Net: NetName=A2 Pin=Analog1-3
Removed Pin From Net: NetName=A3 Pin=Analog1-4
Removed Pin From Net: NetName=A4 Pin=Analog1-5
Removed Pin From Net: NetName=A5 Pin=Analog1-6
Removed Member From Class: ClassName=Schematic Member=Analog1
Change Component Designator: OldDesignator=JP_Power NewDesignator=C2
Change Component Designator: OldDesignator=Solar NewDesignator=Solar1
Add component (AddParameter): Name = "ComponentLink1 Description"; Value = "Manufacturer"; VariantName = "[No Variations]"
Add component (AddParameter): Name = "ComponentLink1URL"; Value = "http://www.we-online.com"; VariantName = "[No Variations]"
Add component (AddParameter): Name = "ComponentLink2 Description"; Value = "Datasheet"; VariantName = "[No Variations]"
Add component (AddParameter): Name = "ComponentLink2URL"; Value = "http://katalog.we-online.de/em/datasheet/6130xx143121.pdf"; VariantName = "[No Variations]"
Add component (AddParameter): Name = "Created by"; Value = "Karrer Zheng"; VariantName = "[No Variations]"
Add component (AddParameter): Name = "Created Date"; Value = "29 March 2013"; VariantName = "[No Variations]"
Add component (AddParameter): Name = "Manufacturer"; Value = "W¨¹rth Elektronik eiSos GmbH"; VariantName = "[No Variations]"
Add component (AddParameter): Name = "NoPins"; Value = "06"; VariantName = "[No Variations]"
Add component (AddParameter): Name = "partNo"; Value = "613006143121"; VariantName = "[No Variations]"
Added Component: Designator=C?(JP6-D1T)
Add component. Clean all parameters for all variants
Add component (AddParameter): Name = "ComponentLink1 Description"; Value = "Manufacturer"; VariantName = "[No Variations]"
Add component (AddParameter): Name = "ComponentLink1URL"; Value = "http://www.we-online.com"; VariantName = "[No Variations]"
Add component (AddParameter): Name = "ComponentLink2 Description"; Value = "Datasheet"; VariantName = "[No Variations]"
Add component (AddParameter): Name = "ComponentLink2URL"; Value = "http://katalog.we-online.de/em/datasheet/6130xx143121.pdf"; VariantName = "[No Variations]"
Add component (AddParameter): Name = "Created by"; Value = "Karrer Zheng"; VariantName = "[No Variations]"
Add component (AddParameter): Name = "Created Date"; Value = "29 March 2013"; VariantName = "[No Variations]"
Add component (AddParameter): Name = "Manufacturer"; Value = "W¨¹rth Elektronik eiSos GmbH"; VariantName = "[No Variations]"
Add component (AddParameter): Name = "NoPins"; Value = "06"; VariantName = "[No Variations]"
Add component (AddParameter): Name = "partNo"; Value = "613006143121"; VariantName = "[No Variations]"
Added Pin To Net: NetName=A0 Pin=C?-1
Added Pin To Net: NetName=A1 Pin=C?-2
Added Pin To Net: NetName=A2 Pin=C?-3
Added Pin To Net: NetName=A3 Pin=C?-4
Added Pin To Net: NetName=A4 Pin=C?-5
Added Pin To Net: NetName=A5 Pin=C?-6
Added Member To Class: ClassName=Schematic Member=Component C2 JP2
Added Member To Class: ClassName=Schematic Member=Component C? JP6
